<?xml version="1.0" encoding="UTF-8"?>
<testsuites name="Mensagens de validacao" time="59" tests="3" failures="2" errors="0">
   <testsuite name="Mensagens de validacao" tests="3" failures="2" errors="0" time="59" timestamp="2018-01-26 09:58:50" hostname="behoh-tester - DESKTOP-9LJP0A4" id="Test Suites/Mensagens de validacao">
      <properties>
         <property name="deviceName" value=""/>
         <property name="devicePlatform" value=""/>
         <property name="logFolder" value="C:\\Users\\behoh-tester\\Katalon Studio\\Testes automatizados Producao Sebrae GO\\Reports\\Mensagens de validacao\\20180126_095849"/>
         <property name="logFiles" value="C:\\Users\\behoh-tester\\Katalon Studio\\Testes automatizados Producao Sebrae GO\\Reports\\Mensagens de validacao\\20180126_095849\\execution0.log"/>
         <property name="attachments" value="C:\\Users\\behoh-tester\\Katalon Studio\\Testes automatizados Producao Sebrae GO\\Reports\\Mensagens de validacao\\20180126_095849\\1516971554462.png, C:\\Users\\behoh-tester\\Katalon Studio\\Testes automatizados Producao Sebrae GO\\Reports\\Mensagens de validacao\\20180126_095849\\1516971566894.png"/>
         <property name="hostName" value="behoh-tester - DESKTOP-9LJP0A4"/>
         <property name="os" value="Windows 10 64bit"/>
         <property name="katalonVersion" value="5.2.0.1"/>
         <property name="browser" value="Chrome 63.0.3239.132"/>
         <property name="hostAddress" value="10.155.1.118"/>
         <property name="sessionId" value="3ba5b906b26f00c73d7ac8a80ff0e28f"/>
         <property name="seleniumVersion" value="3.7.1"/>
         <property name="proxyInformation" value="ProxyInformation{proxyOption=NO_PROXY, proxyServerType=HTTP, password=, proxyServerAddress=, proxyServerPort=0}"/>
         <property name="platform" value="Windows 10"/>
      </properties>
      <testcase name="Test Cases/ENTRE/MSG CPF Invalido" classname="Test Cases/ENTRE/MSG CPF Invalido" status="PASSED">
         <system-out><![CDATA[2018-01-26 09:58:51 - [TEST_CASE][PASSED] - Test Cases/ENTRE/MSG CPF Invalido: Test Cases/ENTRE/MSG CPF Invalido

2018-01-26 09:58:51 - [TEST_STEP][PASSED] - openBrowser: Browser is opened with url: ''

2018-01-26 09:58:54 - [MESSAGE][PASSED] - Browser is opened with url: ''

2018-01-26 09:58:54 - [TEST_STEP][PASSED] - navigateToUrl: Navigate to 'https://lojavirtualhomolog.sebraego.com.br/loja/' successfully

2018-01-26 09:58:59 - [MESSAGE][PASSED] - Navigate to 'https://lojavirtualhomolog.sebraego.com.br/loja/' successfully

2018-01-26 09:58:59 - [TEST_STEP][PASSED] - click: Object: 'Object Repository/Mensagem Validacao/a_Entre' is clicked on

2018-01-26 09:59:01 - [MESSAGE][PASSED] - Object: 'Object Repository/Mensagem Validacao/a_Entre' is clicked on

2018-01-26 09:59:01 - [TEST_STEP][PASSED] - doubleClick: Object: 'Object Repository/Mensagem Validacao/input_cpf' is double clicked on

2018-01-26 09:59:01 - [MESSAGE][PASSED] - Object: 'Object Repository/Mensagem Validacao/input_cpf' is double clicked on

2018-01-26 09:59:01 - [TEST_STEP][PASSED] - setText: Text '32132135132' is set on object 'Object Repository/Mensagem Validacao/input_cpf'

2018-01-26 09:59:01 - [MESSAGE][PASSED] - Text '32132135132' is set on object 'Object Repository/Mensagem Validacao/input_cpf'

2018-01-26 09:59:01 - [TEST_STEP][PASSED] - setText: Text '321' is set on object 'Object Repository/Mensagem Validacao/input_senha'

2018-01-26 09:59:01 - [MESSAGE][PASSED] - Text '321' is set on object 'Object Repository/Mensagem Validacao/input_senha'

2018-01-26 09:59:01 - [TEST_STEP][PASSED] - click: Object: 'Object Repository/Mensagem Validacao/input_ok' is clicked on

2018-01-26 09:59:01 - [MESSAGE][PASSED] - Object: 'Object Repository/Mensagem Validacao/input_ok' is clicked on

2018-01-26 09:59:01 - [TEST_STEP][PASSED] - check: Object 'Object Repository/Mensagem Validacao/label_Informe um CPF Vlido.' is checked

2018-01-26 09:59:01 - [MESSAGE][PASSED] - Object 'Object Repository/Mensagem Validacao/label_Informe um CPF Vlido.' is checked

2018-01-26 09:59:01 - [TEST_STEP][PASSED] - closeBrowser: Browser is closed

2018-01-26 09:59:02 - [MESSAGE][PASSED] - Browser is closed]]></system-out>
         <system-err><![CDATA[]]></system-err>
      </testcase>
      <testcase name="Test Cases/ENTRE/MSG CPF nao cadastrado" classname="Test Cases/ENTRE/MSG CPF nao cadastrado" status="FAILED">
         <failure type="FAILED" message="Unable to click on object 'Object Repository/Mensagem Validacao/p_O CPF digitado no foi encont' (Root cause: org.openqa.selenium.WebDriverException: unknown error: Element &lt;p>...&lt;/p> is not clickable at point (289, 500). Other element would receive the click: &lt;input type=&quot;password&quot; id=&quot;loginSenha&quot; name=&quot;senha&quot; title=&quot;Digite sua senha&quot; autocomplete=&quot;off&quot; placeholder=&quot;Digite sua senha&quot;>
  (Session info: chrome=63.0.3239.132)
  (Driver info: chromedriver=2.33.506120 (e3e53437346286c0bc2d2dc9aa4915ba81d9023f),platform=Windows NT 10.0.16299 x86_64) (WARNING: The server did not provide any stacktrace information)
Command duration or timeout: 0 milliseconds
Build info: version: '3.7.1', revision: '8a0099a', time: '2017-11-06T21:07:36.161Z'
System info: host: 'DESKTOP-9LJP0A4', ip: '10.155.1.118', os.name: 'Windows 10', os.arch: 'amd64', os.version: '10.0', java.version: '1.8.0_102'
Driver info: com.kms.katalon.selenium.driver.CChromeDriver
Capabilities {acceptSslCerts: true, applicationCacheEnabled: false, browserConnectionEnabled: false, browserName: chrome, chrome: {chromedriverVersion: 2.33.506120 (e3e53437346286..., userDataDir: C:\Users\BEHOH-~1\AppData\L...}, cssSelectorsEnabled: true, databaseEnabled: false, handlesAlerts: true, hasTouchScreen: false, javascriptEnabled: true, locationContextEnabled: true, mobileEmulationEnabled: false, nativeEvents: true, networkConnectionEnabled: false, pageLoadStrategy: normal, platform: XP, platformName: XP, rotatable: false, setWindowRect: true, takesHeapSnapshot: true, takesScreenshot: true, unexpectedAlertBehaviour: , unhandledPromptBehavior: , version: 63.0.3239.132, webStorageEnabled: true}
Session ID: f9547069d4a8cfcf53dd7f2155db8203)"/>
         <system-out><![CDATA[2018-01-26 09:59:02 - [TEST_CASE][FAILED] - Test Cases/ENTRE/MSG CPF nao cadastrado: Test Cases/ENTRE/MSG CPF nao cadastrado FAILED because (of) Unable to click on object 'Object Repository/Mensagem Validacao/p_O CPF digitado no foi encont' (Root cause: org.openqa.selenium.WebDriverException: unknown error: Element <p>...</p> is not clickable at point (289, 500). Other element would receive the click: <input type="password" id="loginSenha" name="senha" title="Digite sua senha" autocomplete="off" placeholder="Digite sua senha">
  (Session info: chrome=63.0.3239.132)
  (Driver info: chromedriver=2.33.506120 (e3e53437346286c0bc2d2dc9aa4915ba81d9023f),platform=Windows NT 10.0.16299 x86_64) (WARNING: The server did not provide any stacktrace information)
Command duration or timeout: 0 milliseconds
Build info: version: '3.7.1', revision: '8a0099a', time: '2017-11-06T21:07:36.161Z'
System info: host: 'DESKTOP-9LJP0A4', ip: '10.155.1.118', os.name: 'Windows 10', os.arch: 'amd64', os.version: '10.0', java.version: '1.8.0_102'
Driver info: com.kms.katalon.selenium.driver.CChromeDriver
Capabilities {acceptSslCerts: true, applicationCacheEnabled: false, browserConnectionEnabled: false, browserName: chrome, chrome: {chromedriverVersion: 2.33.506120 (e3e53437346286..., userDataDir: C:\Users\BEHOH-~1\AppData\L...}, cssSelectorsEnabled: true, databaseEnabled: false, handlesAlerts: true, hasTouchScreen: false, javascriptEnabled: true, locationContextEnabled: true, mobileEmulationEnabled: false, nativeEvents: true, networkConnectionEnabled: false, pageLoadStrategy: normal, platform: XP, platformName: XP, rotatable: false, setWindowRect: true, takesHeapSnapshot: true, takesScreenshot: true, unexpectedAlertBehaviour: , unhandledPromptBehavior: , version: 63.0.3239.132, webStorageEnabled: true}
Session ID: f9547069d4a8cfcf53dd7f2155db8203)

2018-01-26 09:59:02 - [TEST_STEP][PASSED] - openBrowser: Browser is opened with url: ''

2018-01-26 09:59:04 - [MESSAGE][PASSED] - Browser is opened with url: ''

2018-01-26 09:59:04 - [TEST_STEP][PASSED] - navigateToUrl: Navigate to 'https://lojavirtualhomolog.sebraego.com.br/loja/' successfully

2018-01-26 09:59:10 - [MESSAGE][PASSED] - Navigate to 'https://lojavirtualhomolog.sebraego.com.br/loja/' successfully

2018-01-26 09:59:10 - [TEST_STEP][PASSED] - click: Object: 'Object Repository/Mensagem Validacao/a_Entre (1)' is clicked on

2018-01-26 09:59:12 - [MESSAGE][PASSED] - Object: 'Object Repository/Mensagem Validacao/a_Entre (1)' is clicked on

2018-01-26 09:59:12 - [TEST_STEP][PASSED] - doubleClick: Object: 'Object Repository/Mensagem Validacao/input_cpf (1)' is double clicked on

2018-01-26 09:59:12 - [MESSAGE][PASSED] - Object: 'Object Repository/Mensagem Validacao/input_cpf (1)' is double clicked on

2018-01-26 09:59:12 - [TEST_STEP][PASSED] - setText: Text '560.114.088-00' is set on object 'Object Repository/Mensagem Validacao/input_cpf (1)'

2018-01-26 09:59:12 - [MESSAGE][PASSED] - Text '560.114.088-00' is set on object 'Object Repository/Mensagem Validacao/input_cpf (1)'

2018-01-26 09:59:12 - [TEST_STEP][PASSED] - doubleClick: Object: 'Object Repository/Mensagem Validacao/input_senha (1)' is double clicked on

2018-01-26 09:59:12 - [MESSAGE][PASSED] - Object: 'Object Repository/Mensagem Validacao/input_senha (1)' is double clicked on

2018-01-26 09:59:12 - [TEST_STEP][PASSED] - setText: Text '123' is set on object 'Object Repository/Mensagem Validacao/input_senha (1)'

2018-01-26 09:59:12 - [MESSAGE][PASSED] - Text '123' is set on object 'Object Repository/Mensagem Validacao/input_senha (1)'

2018-01-26 09:59:12 - [TEST_STEP][PASSED] - click: Object: 'Object Repository/Mensagem Validacao/input_ok (1)' is clicked on

2018-01-26 09:59:14 - [MESSAGE][PASSED] - Object: 'Object Repository/Mensagem Validacao/input_ok (1)' is clicked on

2018-01-26 09:59:14 - [TEST_STEP][FAILED] - click: Unable to click on object 'Object Repository/Mensagem Validacao/p_O CPF digitado no foi encont' (Root cause: org.openqa.selenium.WebDriverException: unknown error: Element <p>...</p> is not clickable at point (289, 500). Other element would receive the click: <input type="password" id="loginSenha" name="senha" title="Digite sua senha" autocomplete="off" placeholder="Digite sua senha">
  (Session info: chrome=63.0.3239.132)
  (Driver info: chromedriver=2.33.506120 (e3e53437346286c0bc2d2dc9aa4915ba81d9023f),platform=Windows NT 10.0.16299 x86_64) (WARNING: The server did not provide any stacktrace information)
Command duration or timeout: 0 milliseconds
Build info: version: '3.7.1', revision: '8a0099a', time: '2017-11-06T21:07:36.161Z'
System info: host: 'DESKTOP-9LJP0A4', ip: '10.155.1.118', os.name: 'Windows 10', os.arch: 'amd64', os.version: '10.0', java.version: '1.8.0_102'
Driver info: com.kms.katalon.selenium.driver.CChromeDriver
Capabilities {acceptSslCerts: true, applicationCacheEnabled: false, browserConnectionEnabled: false, browserName: chrome, chrome: {chromedriverVersion: 2.33.506120 (e3e53437346286..., userDataDir: C:\Users\BEHOH-~1\AppData\L...}, cssSelectorsEnabled: true, databaseEnabled: false, handlesAlerts: true, hasTouchScreen: false, javascriptEnabled: true, locationContextEnabled: true, mobileEmulationEnabled: false, nativeEvents: true, networkConnectionEnabled: false, pageLoadStrategy: normal, platform: XP, platformName: XP, rotatable: false, setWindowRect: true, takesHeapSnapshot: true, takesScreenshot: true, unexpectedAlertBehaviour: , unhandledPromptBehavior: , version: 63.0.3239.132, webStorageEnabled: true}
Session ID: f9547069d4a8cfcf53dd7f2155db8203)

2018-01-26 09:59:14 - [MESSAGE][FAILED] - Unable to click on object 'Object Repository/Mensagem Validacao/p_O CPF digitado no foi encont' (Root cause: org.openqa.selenium.WebDriverException: unknown error: Element <p>...</p> is not clickable at point (289, 500). Other element would receive the click: <input type="password" id="loginSenha" name="senha" title="Digite sua senha" autocomplete="off" placeholder="Digite sua senha">
  (Session info: chrome=63.0.3239.132)
  (Driver info: chromedriver=2.33.506120 (e3e53437346286c0bc2d2dc9aa4915ba81d9023f),platform=Windows NT 10.0.16299 x86_64) (WARNING: The server did not provide any stacktrace information)
Command duration or timeout: 0 milliseconds
Build info: version: '3.7.1', revision: '8a0099a', time: '2017-11-06T21:07:36.161Z'
System info: host: 'DESKTOP-9LJP0A4', ip: '10.155.1.118', os.name: 'Windows 10', os.arch: 'amd64', os.version: '10.0', java.version: '1.8.0_102'
Driver info: com.kms.katalon.selenium.driver.CChromeDriver
Capabilities {acceptSslCerts: true, applicationCacheEnabled: false, browserConnectionEnabled: false, browserName: chrome, chrome: {chromedriverVersion: 2.33.506120 (e3e53437346286..., userDataDir: C:\Users\BEHOH-~1\AppData\L...}, cssSelectorsEnabled: true, databaseEnabled: false, handlesAlerts: true, hasTouchScreen: false, javascriptEnabled: true, locationContextEnabled: true, mobileEmulationEnabled: false, nativeEvents: true, networkConnectionEnabled: false, pageLoadStrategy: normal, platform: XP, platformName: XP, rotatable: false, setWindowRect: true, takesHeapSnapshot: true, takesScreenshot: true, unexpectedAlertBehaviour: , unhandledPromptBehavior: , version: 63.0.3239.132, webStorageEnabled: true}
Session ID: f9547069d4a8cfcf53dd7f2155db8203)
[[ATTACHMENT|C:\\Users\\behoh-tester\\Katalon Studio\\Testes automatizados Producao Sebrae GO\\Reports\\Mensagens de validacao\\20180126_095849\\1516971554462.png]]]]></system-out>
         <system-err><![CDATA[2018-01-26 09:59:02 - [TEST_CASE][FAILED] - Test Cases/ENTRE/MSG CPF nao cadastrado: Test Cases/ENTRE/MSG CPF nao cadastrado FAILED because (of) Unable to click on object 'Object Repository/Mensagem Validacao/p_O CPF digitado no foi encont' (Root cause: org.openqa.selenium.WebDriverException: unknown error: Element <p>...</p> is not clickable at point (289, 500). Other element would receive the click: <input type="password" id="loginSenha" name="senha" title="Digite sua senha" autocomplete="off" placeholder="Digite sua senha">
  (Session info: chrome=63.0.3239.132)
  (Driver info: chromedriver=2.33.506120 (e3e53437346286c0bc2d2dc9aa4915ba81d9023f),platform=Windows NT 10.0.16299 x86_64) (WARNING: The server did not provide any stacktrace information)
Command duration or timeout: 0 milliseconds
Build info: version: '3.7.1', revision: '8a0099a', time: '2017-11-06T21:07:36.161Z'
System info: host: 'DESKTOP-9LJP0A4', ip: '10.155.1.118', os.name: 'Windows 10', os.arch: 'amd64', os.version: '10.0', java.version: '1.8.0_102'
Driver info: com.kms.katalon.selenium.driver.CChromeDriver
Capabilities {acceptSslCerts: true, applicationCacheEnabled: false, browserConnectionEnabled: false, browserName: chrome, chrome: {chromedriverVersion: 2.33.506120 (e3e53437346286..., userDataDir: C:\Users\BEHOH-~1\AppData\L...}, cssSelectorsEnabled: true, databaseEnabled: false, handlesAlerts: true, hasTouchScreen: false, javascriptEnabled: true, locationContextEnabled: true, mobileEmulationEnabled: false, nativeEvents: true, networkConnectionEnabled: false, pageLoadStrategy: normal, platform: XP, platformName: XP, rotatable: false, setWindowRect: true, takesHeapSnapshot: true, takesScreenshot: true, unexpectedAlertBehaviour: , unhandledPromptBehavior: , version: 63.0.3239.132, webStorageEnabled: true}
Session ID: f9547069d4a8cfcf53dd7f2155db8203)]]></system-err>
      </testcase>
      <testcase name="Test Cases/ENTRE/MSG Senha Errada" classname="Test Cases/ENTRE/MSG Senha Errada" status="FAILED">
         <failure type="FAILED" message="Unable to click on object 'Object Repository/Mensagem Validacao/p_Dados de acesso invlidos' (Root cause: org.openqa.selenium.WebDriverException: unknown error: Element &lt;p>...&lt;/p> is not clickable at point (289, 511). Other element would receive the click: &lt;input type=&quot;password&quot; id=&quot;loginSenha&quot; name=&quot;senha&quot; title=&quot;Digite sua senha&quot; autocomplete=&quot;off&quot; placeholder=&quot;Digite sua senha&quot;>
  (Session info: chrome=63.0.3239.132)
  (Driver info: chromedriver=2.33.506120 (e3e53437346286c0bc2d2dc9aa4915ba81d9023f),platform=Windows NT 10.0.16299 x86_64) (WARNING: The server did not provide any stacktrace information)
Command duration or timeout: 0 milliseconds
Build info: version: '3.7.1', revision: '8a0099a', time: '2017-11-06T21:07:36.161Z'
System info: host: 'DESKTOP-9LJP0A4', ip: '10.155.1.118', os.name: 'Windows 10', os.arch: 'amd64', os.version: '10.0', java.version: '1.8.0_102'
Driver info: com.kms.katalon.selenium.driver.CChromeDriver
Capabilities {acceptSslCerts: true, applicationCacheEnabled: false, browserConnectionEnabled: false, browserName: chrome, chrome: {chromedriverVersion: 2.33.506120 (e3e53437346286..., userDataDir: C:\Users\BEHOH-~1\AppData\L...}, cssSelectorsEnabled: true, databaseEnabled: false, handlesAlerts: true, hasTouchScreen: false, javascriptEnabled: true, locationContextEnabled: true, mobileEmulationEnabled: false, nativeEvents: true, networkConnectionEnabled: false, pageLoadStrategy: normal, platform: XP, platformName: XP, rotatable: false, setWindowRect: true, takesHeapSnapshot: true, takesScreenshot: true, unexpectedAlertBehaviour: , unhandledPromptBehavior: , version: 63.0.3239.132, webStorageEnabled: true}
Session ID: c763e9a0c512bc0744d1a0fb357bc280)"/>
         <system-out><![CDATA[2018-01-26 09:59:14 - [TEST_CASE][FAILED] - Test Cases/ENTRE/MSG Senha Errada: Test Cases/ENTRE/MSG Senha Errada FAILED because (of) Unable to click on object 'Object Repository/Mensagem Validacao/p_Dados de acesso invlidos' (Root cause: org.openqa.selenium.WebDriverException: unknown error: Element <p>...</p> is not clickable at point (289, 511). Other element would receive the click: <input type="password" id="loginSenha" name="senha" title="Digite sua senha" autocomplete="off" placeholder="Digite sua senha">
  (Session info: chrome=63.0.3239.132)
  (Driver info: chromedriver=2.33.506120 (e3e53437346286c0bc2d2dc9aa4915ba81d9023f),platform=Windows NT 10.0.16299 x86_64) (WARNING: The server did not provide any stacktrace information)
Command duration or timeout: 0 milliseconds
Build info: version: '3.7.1', revision: '8a0099a', time: '2017-11-06T21:07:36.161Z'
System info: host: 'DESKTOP-9LJP0A4', ip: '10.155.1.118', os.name: 'Windows 10', os.arch: 'amd64', os.version: '10.0', java.version: '1.8.0_102'
Driver info: com.kms.katalon.selenium.driver.CChromeDriver
Capabilities {acceptSslCerts: true, applicationCacheEnabled: false, browserConnectionEnabled: false, browserName: chrome, chrome: {chromedriverVersion: 2.33.506120 (e3e53437346286..., userDataDir: C:\Users\BEHOH-~1\AppData\L...}, cssSelectorsEnabled: true, databaseEnabled: false, handlesAlerts: true, hasTouchScreen: false, javascriptEnabled: true, locationContextEnabled: true, mobileEmulationEnabled: false, nativeEvents: true, networkConnectionEnabled: false, pageLoadStrategy: normal, platform: XP, platformName: XP, rotatable: false, setWindowRect: true, takesHeapSnapshot: true, takesScreenshot: true, unexpectedAlertBehaviour: , unhandledPromptBehavior: , version: 63.0.3239.132, webStorageEnabled: true}
Session ID: c763e9a0c512bc0744d1a0fb357bc280)

2018-01-26 09:59:14 - [TEST_STEP][PASSED] - openBrowser: Browser is opened with url: ''

2018-01-26 09:59:14 - [MESSAGE][WARNING] - A browser is already opened. Closing browser and opening a new one

2018-01-26 09:59:17 - [MESSAGE][PASSED] - Browser is opened with url: ''

2018-01-26 09:59:17 - [TEST_STEP][PASSED] - navigateToUrl: Navigate to 'https://lojavirtualhomolog.sebraego.com.br/loja/' successfully

2018-01-26 09:59:23 - [MESSAGE][PASSED] - Navigate to 'https://lojavirtualhomolog.sebraego.com.br/loja/' successfully

2018-01-26 09:59:23 - [TEST_STEP][PASSED] - doubleClick: Object: 'Object Repository/Mensagem Validacao/a_Entre (2)' is double clicked on

2018-01-26 09:59:24 - [MESSAGE][PASSED] - Object: 'Object Repository/Mensagem Validacao/a_Entre (2)' is double clicked on

2018-01-26 09:59:24 - [TEST_STEP][PASSED] - doubleClick: Object: 'Object Repository/Mensagem Validacao/input_cpf (2)' is double clicked on

2018-01-26 09:59:24 - [MESSAGE][PASSED] - Object: 'Object Repository/Mensagem Validacao/input_cpf (2)' is double clicked on

2018-01-26 09:59:24 - [TEST_STEP][PASSED] - setText: Text '10238621405' is set on object 'Object Repository/Mensagem Validacao/input_cpf (2)'

2018-01-26 09:59:25 - [MESSAGE][PASSED] - Text '10238621405' is set on object 'Object Repository/Mensagem Validacao/input_cpf (2)'

2018-01-26 09:59:25 - [TEST_STEP][PASSED] - doubleClick: Object: 'Object Repository/Mensagem Validacao/input_senha (2)' is double clicked on

2018-01-26 09:59:25 - [MESSAGE][PASSED] - Object: 'Object Repository/Mensagem Validacao/input_senha (2)' is double clicked on

2018-01-26 09:59:25 - [TEST_STEP][PASSED] - setText: Text '321' is set on object 'Object Repository/Mensagem Validacao/input_senha (2)'

2018-01-26 09:59:25 - [MESSAGE][PASSED] - Text '321' is set on object 'Object Repository/Mensagem Validacao/input_senha (2)'

2018-01-26 09:59:25 - [TEST_STEP][PASSED] - click: Object: 'Object Repository/Mensagem Validacao/input_ok (2)' is clicked on

2018-01-26 09:59:26 - [MESSAGE][PASSED] - Object: 'Object Repository/Mensagem Validacao/input_ok (2)' is clicked on

2018-01-26 09:59:26 - [TEST_STEP][FAILED] - click: Unable to click on object 'Object Repository/Mensagem Validacao/p_Dados de acesso invlidos' (Root cause: org.openqa.selenium.WebDriverException: unknown error: Element <p>...</p> is not clickable at point (289, 511). Other element would receive the click: <input type="password" id="loginSenha" name="senha" title="Digite sua senha" autocomplete="off" placeholder="Digite sua senha">
  (Session info: chrome=63.0.3239.132)
  (Driver info: chromedriver=2.33.506120 (e3e53437346286c0bc2d2dc9aa4915ba81d9023f),platform=Windows NT 10.0.16299 x86_64) (WARNING: The server did not provide any stacktrace information)
Command duration or timeout: 0 milliseconds
Build info: version: '3.7.1', revision: '8a0099a', time: '2017-11-06T21:07:36.161Z'
System info: host: 'DESKTOP-9LJP0A4', ip: '10.155.1.118', os.name: 'Windows 10', os.arch: 'amd64', os.version: '10.0', java.version: '1.8.0_102'
Driver info: com.kms.katalon.selenium.driver.CChromeDriver
Capabilities {acceptSslCerts: true, applicationCacheEnabled: false, browserConnectionEnabled: false, browserName: chrome, chrome: {chromedriverVersion: 2.33.506120 (e3e53437346286..., userDataDir: C:\Users\BEHOH-~1\AppData\L...}, cssSelectorsEnabled: true, databaseEnabled: false, handlesAlerts: true, hasTouchScreen: false, javascriptEnabled: true, locationContextEnabled: true, mobileEmulationEnabled: false, nativeEvents: true, networkConnectionEnabled: false, pageLoadStrategy: normal, platform: XP, platformName: XP, rotatable: false, setWindowRect: true, takesHeapSnapshot: true, takesScreenshot: true, unexpectedAlertBehaviour: , unhandledPromptBehavior: , version: 63.0.3239.132, webStorageEnabled: true}
Session ID: c763e9a0c512bc0744d1a0fb357bc280)

2018-01-26 09:59:27 - [MESSAGE][FAILED] - Unable to click on object 'Object Repository/Mensagem Validacao/p_Dados de acesso invlidos' (Root cause: org.openqa.selenium.WebDriverException: unknown error: Element <p>...</p> is not clickable at point (289, 511). Other element would receive the click: <input type="password" id="loginSenha" name="senha" title="Digite sua senha" autocomplete="off" placeholder="Digite sua senha">
  (Session info: chrome=63.0.3239.132)
  (Driver info: chromedriver=2.33.506120 (e3e53437346286c0bc2d2dc9aa4915ba81d9023f),platform=Windows NT 10.0.16299 x86_64) (WARNING: The server did not provide any stacktrace information)
Command duration or timeout: 0 milliseconds
Build info: version: '3.7.1', revision: '8a0099a', time: '2017-11-06T21:07:36.161Z'
System info: host: 'DESKTOP-9LJP0A4', ip: '10.155.1.118', os.name: 'Windows 10', os.arch: 'amd64', os.version: '10.0', java.version: '1.8.0_102'
Driver info: com.kms.katalon.selenium.driver.CChromeDriver
Capabilities {acceptSslCerts: true, applicationCacheEnabled: false, browserConnectionEnabled: false, browserName: chrome, chrome: {chromedriverVersion: 2.33.506120 (e3e53437346286..., userDataDir: C:\Users\BEHOH-~1\AppData\L...}, cssSelectorsEnabled: true, databaseEnabled: false, handlesAlerts: true, hasTouchScreen: false, javascriptEnabled: true, locationContextEnabled: true, mobileEmulationEnabled: false, nativeEvents: true, networkConnectionEnabled: false, pageLoadStrategy: normal, platform: XP, platformName: XP, rotatable: false, setWindowRect: true, takesHeapSnapshot: true, takesScreenshot: true, unexpectedAlertBehaviour: , unhandledPromptBehavior: , version: 63.0.3239.132, webStorageEnabled: true}
Session ID: c763e9a0c512bc0744d1a0fb357bc280)
[[ATTACHMENT|C:\\Users\\behoh-tester\\Katalon Studio\\Testes automatizados Producao Sebrae GO\\Reports\\Mensagens de validacao\\20180126_095849\\1516971566894.png]]]]></system-out>
         <system-err><![CDATA[2018-01-26 09:59:14 - [TEST_CASE][FAILED] - Test Cases/ENTRE/MSG Senha Errada: Test Cases/ENTRE/MSG Senha Errada FAILED because (of) Unable to click on object 'Object Repository/Mensagem Validacao/p_Dados de acesso invlidos' (Root cause: org.openqa.selenium.WebDriverException: unknown error: Element <p>...</p> is not clickable at point (289, 511). Other element would receive the click: <input type="password" id="loginSenha" name="senha" title="Digite sua senha" autocomplete="off" placeholder="Digite sua senha">
  (Session info: chrome=63.0.3239.132)
  (Driver info: chromedriver=2.33.506120 (e3e53437346286c0bc2d2dc9aa4915ba81d9023f),platform=Windows NT 10.0.16299 x86_64) (WARNING: The server did not provide any stacktrace information)
Command duration or timeout: 0 milliseconds
Build info: version: '3.7.1', revision: '8a0099a', time: '2017-11-06T21:07:36.161Z'
System info: host: 'DESKTOP-9LJP0A4', ip: '10.155.1.118', os.name: 'Windows 10', os.arch: 'amd64', os.version: '10.0', java.version: '1.8.0_102'
Driver info: com.kms.katalon.selenium.driver.CChromeDriver
Capabilities {acceptSslCerts: true, applicationCacheEnabled: false, browserConnectionEnabled: false, browserName: chrome, chrome: {chromedriverVersion: 2.33.506120 (e3e53437346286..., userDataDir: C:\Users\BEHOH-~1\AppData\L...}, cssSelectorsEnabled: true, databaseEnabled: false, handlesAlerts: true, hasTouchScreen: false, javascriptEnabled: true, locationContextEnabled: true, mobileEmulationEnabled: false, nativeEvents: true, networkConnectionEnabled: false, pageLoadStrategy: normal, platform: XP, platformName: XP, rotatable: false, setWindowRect: true, takesHeapSnapshot: true, takesScreenshot: true, unexpectedAlertBehaviour: , unhandledPromptBehavior: , version: 63.0.3239.132, webStorageEnabled: true}
Session ID: c763e9a0c512bc0744d1a0fb357bc280)]]></system-err>
      </testcase>
      <testcase name="Test Cases/ENTRE/MSG Cadastrar CPF" classname="Test Cases/ENTRE/MSG Cadastrar CPF" status="PASSED">
         <system-out><![CDATA[2018-01-26 09:59:27 - [TEST_CASE][PASSED] - Test Cases/ENTRE/MSG Cadastrar CPF: Test Cases/ENTRE/MSG Cadastrar CPF

2018-01-26 09:59:27 - [TEST_STEP][PASSED] - openBrowser: Browser is opened with url: ''

2018-01-26 09:59:27 - [MESSAGE][WARNING] - A browser is already opened. Closing browser and opening a new one

2018-01-26 09:59:29 - [MESSAGE][PASSED] - Browser is opened with url: ''

2018-01-26 09:59:29 - [TEST_STEP][PASSED] - navigateToUrl: Navigate to 'https://lojavirtualhomolog.sebraego.com.br/loja/' successfully

2018-01-26 09:59:35 - [MESSAGE][PASSED] - Navigate to 'https://lojavirtualhomolog.sebraego.com.br/loja/' successfully

2018-01-26 09:59:35 - [TEST_STEP][PASSED] - click: Object: 'Object Repository/Mensagem Validacao/a_Entre' is clicked on

2018-01-26 09:59:37 - [MESSAGE][PASSED] - Object: 'Object Repository/Mensagem Validacao/a_Entre' is clicked on

2018-01-26 09:59:37 - [TEST_STEP][PASSED] - doubleClick: Object: 'Object Repository/Mensagem Validacao/input_cpf (3)' is double clicked on

2018-01-26 09:59:37 - [MESSAGE][PASSED] - Object: 'Object Repository/Mensagem Validacao/input_cpf (3)' is double clicked on

2018-01-26 09:59:37 - [TEST_STEP][PASSED] - setText: Text '32132132151' is set on object 'Object Repository/Mensagem Validacao/input_cpf (3)'

2018-01-26 09:59:37 - [MESSAGE][PASSED] - Text '32132132151' is set on object 'Object Repository/Mensagem Validacao/input_cpf (3)'

2018-01-26 09:59:37 - [TEST_STEP][PASSED] - click: Object: 'Object Repository/Mensagem Validacao/input_querocadastrar' is clicked on

2018-01-26 09:59:37 - [MESSAGE][PASSED] - Object: 'Object Repository/Mensagem Validacao/input_querocadastrar' is clicked on

2018-01-26 09:59:37 - [TEST_STEP][PASSED] - click: Object: 'Object Repository/Mensagem Validacao/label_Informe um CPF Vlido. (1)' is clicked on

2018-01-26 09:59:37 - [MESSAGE][PASSED] - Object: 'Object Repository/Mensagem Validacao/label_Informe um CPF Vlido. (1)' is clicked on

2018-01-26 09:59:37 - [TEST_STEP][PASSED] - closeBrowser: Browser is closed

2018-01-26 09:59:38 - [MESSAGE][PASSED] - Browser is closed]]></system-out>
         <system-err><![CDATA[]]></system-err>
      </testcase>
      <testcase name="Test Cases/ENTRE/MSG CPF Ja Cadastrado" classname="Test Cases/ENTRE/MSG CPF Ja Cadastrado" status="PASSED">
         <system-out><![CDATA[2018-01-26 09:59:38 - [TEST_CASE][PASSED] - Test Cases/ENTRE/MSG CPF Ja Cadastrado: Test Cases/ENTRE/MSG CPF Ja Cadastrado

2018-01-26 09:59:38 - [TEST_STEP][PASSED] - openBrowser: Browser is opened with url: ''

2018-01-26 09:59:40 - [MESSAGE][PASSED] - Browser is opened with url: ''

2018-01-26 09:59:40 - [TEST_STEP][PASSED] - navigateToUrl: Navigate to 'https://lojavirtualhomolog.sebraego.com.br/loja/' successfully

2018-01-26 09:59:46 - [MESSAGE][PASSED] - Navigate to 'https://lojavirtualhomolog.sebraego.com.br/loja/' successfully

2018-01-26 09:59:46 - [TEST_STEP][PASSED] - click: Object: 'Object Repository/MSGCPFJaCdastrado/a_Entre' is clicked on

2018-01-26 09:59:48 - [MESSAGE][PASSED] - Object: 'Object Repository/MSGCPFJaCdastrado/a_Entre' is clicked on

2018-01-26 09:59:48 - [TEST_STEP][PASSED] - setText: Text '10238621405' is set on object 'Object Repository/MSGCPFJaCdastrado/input_cpf'

2018-01-26 09:59:48 - [MESSAGE][PASSED] - Text '10238621405' is set on object 'Object Repository/MSGCPFJaCdastrado/input_cpf'

2018-01-26 09:59:48 - [TEST_STEP][PASSED] - click: Object: 'Object Repository/MSGCPFJaCdastrado/input_querocadastrar' is clicked on

2018-01-26 09:59:50 - [MESSAGE][PASSED] - Object: 'Object Repository/MSGCPFJaCdastrado/input_querocadastrar' is clicked on

2018-01-26 09:59:50 - [TEST_STEP][PASSED] - check: Object 'Object Repository/MSGCPFJaCdastrado/p_J existe um cadastro com o C' is checked

2018-01-26 09:59:50 - [MESSAGE][PASSED] - Object 'Object Repository/MSGCPFJaCdastrado/p_J existe um cadastro com o C' is checked

2018-01-26 09:59:50 - [TEST_STEP][PASSED] - closeBrowser: Browser is closed

2018-01-26 09:59:50 - [MESSAGE][PASSED] - Browser is closed]]></system-out>
         <system-err><![CDATA[]]></system-err>
      </testcase>
      <system-out><![CDATA[2018-01-26 09:58:50 - [TEST_SUITE][FAILED] - Mensagens de validacao: Test Cases/ENTRE/MSG CPF nao cadastrado FAILED because (of) Unable to click on object 'Object Repository/Mensagem Validacao/p_O CPF digitado no foi encont' (Root cause: org.openqa.selenium.WebDriverException: unknown error: Element <p>...</p> is not clickable at point (289, 500). Other element would receive the click: <input type="password" id="loginSenha" name="senha" title="Digite sua senha" autocomplete="off" placeholder="Digite sua senha">
  (Session info: chrome=63.0.3239.132)
  (Driver info: chromedriver=2.33.506120 (e3e53437346286c0bc2d2dc9aa4915ba81d9023f),platform=Windows NT 10.0.16299 x86_64) (WARNING: The server did not provide any stacktrace information)
Command duration or timeout: 0 milliseconds
Build info: version: '3.7.1', revision: '8a0099a', time: '2017-11-06T21:07:36.161Z'
System info: host: 'DESKTOP-9LJP0A4', ip: '10.155.1.118', os.name: 'Windows 10', os.arch: 'amd64', os.version: '10.0', java.version: '1.8.0_102'
Driver info: com.kms.katalon.selenium.driver.CChromeDriver
Capabilities {acceptSslCerts: true, applicationCacheEnabled: false, browserConnectionEnabled: false, browserName: chrome, chrome: {chromedriverVersion: 2.33.506120 (e3e53437346286..., userDataDir: C:\Users\BEHOH-~1\AppData\L...}, cssSelectorsEnabled: true, databaseEnabled: false, handlesAlerts: true, hasTouchScreen: false, javascriptEnabled: true, locationContextEnabled: true, mobileEmulationEnabled: false, nativeEvents: true, networkConnectionEnabled: false, pageLoadStrategy: normal, platform: XP, platformName: XP, rotatable: false, setWindowRect: true, takesHeapSnapshot: true, takesScreenshot: true, unexpectedAlertBehaviour: , unhandledPromptBehavior: , version: 63.0.3239.132, webStorageEnabled: true}
Session ID: f9547069d4a8cfcf53dd7f2155db8203)]]></system-out>
      <system-err><![CDATA[2018-01-26 09:58:50 - [TEST_SUITE][FAILED] - Mensagens de validacao: Test Cases/ENTRE/MSG CPF nao cadastrado FAILED because (of) Unable to click on object 'Object Repository/Mensagem Validacao/p_O CPF digitado no foi encont' (Root cause: org.openqa.selenium.WebDriverException: unknown error: Element <p>...</p> is not clickable at point (289, 500). Other element would receive the click: <input type="password" id="loginSenha" name="senha" title="Digite sua senha" autocomplete="off" placeholder="Digite sua senha">
  (Session info: chrome=63.0.3239.132)
  (Driver info: chromedriver=2.33.506120 (e3e53437346286c0bc2d2dc9aa4915ba81d9023f),platform=Windows NT 10.0.16299 x86_64) (WARNING: The server did not provide any stacktrace information)
Command duration or timeout: 0 milliseconds
Build info: version: '3.7.1', revision: '8a0099a', time: '2017-11-06T21:07:36.161Z'
System info: host: 'DESKTOP-9LJP0A4', ip: '10.155.1.118', os.name: 'Windows 10', os.arch: 'amd64', os.version: '10.0', java.version: '1.8.0_102'
Driver info: com.kms.katalon.selenium.driver.CChromeDriver
Capabilities {acceptSslCerts: true, applicationCacheEnabled: false, browserConnectionEnabled: false, browserName: chrome, chrome: {chromedriverVersion: 2.33.506120 (e3e53437346286..., userDataDir: C:\Users\BEHOH-~1\AppData\L...}, cssSelectorsEnabled: true, databaseEnabled: false, handlesAlerts: true, hasTouchScreen: false, javascriptEnabled: true, locationContextEnabled: true, mobileEmulationEnabled: false, nativeEvents: true, networkConnectionEnabled: false, pageLoadStrategy: normal, platform: XP, platformName: XP, rotatable: false, setWindowRect: true, takesHeapSnapshot: true, takesScreenshot: true, unexpectedAlertBehaviour: , unhandledPromptBehavior: , version: 63.0.3239.132, webStorageEnabled: true}
Session ID: f9547069d4a8cfcf53dd7f2155db8203)]]></system-err>
   </testsuite>
</testsuites>
